<!DOCTYPE html>


<html>
	<head>
        <meta http-equiv="content-type" content="text/html; charset=UTF-8" />
		<title>SpecFlowTestsProject Test Execution Report</title>
        <script type="text/javascript" src="http://code.jquery.com/jquery-1.6.2.min.js"></script>
        <script type="text/javascript">
            /**
            * jQuery.fn.sortElements
            * --------------
            * #author James Padolsey (http://james.padolsey.com)
            * #version 0.11
            * #updated 18-MAR-2010
            * #url https://raw.github.com/jamespadolsey/jQuery-Plugins/master/sortElements/jquery.sortElements.js
            * --------------
            * #param Function comparator:
            *   Exactly the same behaviour as [1,2,3].sort(comparator)
            *   
            * #param Function getSortable
            *   A function that should return the element that is
            *   to be sorted. The comparator will run on the
            *   current collection, but you may want the actual
            *   resulting sort to occur on a parent or another
            *   associated element.
            *   
            *   E.g. $('td').sortElements(comparator, function(){
            *      return this.parentNode; 
            *   })
            *   
            *   The <td>'s parent (<tr>) will be sorted instead
            *   of the <td> itself.
            */
            jQuery.fn.sortElements = (function () {

                var sort = [].sort;

                return function (comparator, getSortable) {

                    getSortable = getSortable || function () { return this; };

                    var placements = this.map(function () {

                        var sortElement = getSortable.call(this),
                parentNode = sortElement.parentNode,

                        // Since the element itself will change position, we have
                        // to have some way of storing it's original position in
                        // the DOM. The easiest way is to have a 'flag' node:
                nextSibling = parentNode.insertBefore(
                    document.createTextNode(''),
                    sortElement.nextSibling
                );

                        return function () {

                            if (parentNode === this) {
                                throw new Error(
                        "You can't sort elements if any one is a descendant of another."
                    );
                            }

                            // Insert before flag:
                            parentNode.insertBefore(this, nextSibling);
                            // Remove flag:
                            parentNode.removeChild(nextSibling);

                        };

                    });

                    return sort.call(this, comparator).each(function (i) {
                        placements[i].call(getSortable.call(this));
                    });

                };

            })();
        </script>
        <script type="text/javascript">
            jQuery.fn.setBarSizes = (function () {
                return function (metricName, maxBarSize, min) {
                    var max = Math.max.apply(Math, $.makeArray($(this).map(function () { return Number($(this).attr('data-sr-' + metricName)); })));
                    var scale = 1.0;
                    while (max > 0.0 && max <= 10.0) {
                        scale = scale * 10.0;
                        max = max * 10.0;
                    }
                    max = (Math.ceil(max / 2) * 2) / scale;

                    this.each(function () {
                        var barAnchor = $(this).find('a');
                        var actual = $(this).attr('data-sr-' + metricName);
                        var newHeight = Math.max(Math.round(maxBarSize * (actual - min) / (max - min)), 2);
                        barAnchor.css({ height: newHeight });
                    });

                    var unit = "";
                    if (metricName.substr(metricName.length - 4, 4) === "time")
                        unit = "s";

                    $('#testview .scale-min-label').each(function () {
                        $(this).text(min.toString() + unit);
                    });
                    $('#testview .scale-max-label').each(function () {
                        $(this).text(max.toString() + unit);
                    });
                    var mid = max / 2;
                    $('#testview .scale-mid-label').each(function () {
                        $(this).text(mid.toString() + unit);
                    });
                };
            })();

            function getComparer(metricName, isDesc) {
                return function (a, b) {
                    var aNumber = Number($(a).attr('data-sr-' + metricName));
                    var bNumber = Number($(b).attr('data-sr-' + metricName));
                    var result = aNumber > bNumber ? 1 : (aNumber < bNumber ? -1 : 0);
                    if (isDesc)
                        result = -1 * result;

                    if (result == 0 && metricName != "order")
                        result = getComparer("order", false)(a, b);

                    return result;
                };
            }

            var currentSort = "";
            function doSort(allowToggleDesc) {
                var newSort = $("input[name='barSortOrder']:checked").val();
                if (allowToggleDesc && currentSort == newSort) {
                    $('#barSortDesc').click();
                    doSort(false);
                    return;
                }
                currentSort = newSort;
                $('#testview td.testview-item').sortElements(getComparer(newSort, $('#barSortDesc').is(':checked')));
            }


            function doSetHeights(allowSort) {
                var selectedMetric = $("input[name='barHeight']:checked").val();
                $('#testview td.testview-item').setBarSizes(selectedMetric, 60, 0.0);

                if (allowSort && currentSort != selectedMetric) {
                    var $radios = $("input[name='barSortOrder']");
                    $radios.filter('[value=' + selectedMetric + ']').attr('checked', true);
                    $("#barSortDesc").attr("checked", [true]);
                    doSort(false);
                }
            }

            $(document).ready(function () {
                $("input[name='barSortOrder']").click(function () { doSort(true); return true; });
                $("input[name='barSortDesc']").change(function () { doSort(false); });
                $("input[name='barHeight']").change(function () { doSetHeights(true); });

                doSort(false);
                doSetHeights(false);

                $("div.scrollable").css({ 'overflow': 'auto' });
            });
        </script>

        <style type="text/css">
            body 
            {
                color: #000000;
                font-family: Arial,Liberation Sans,DejaVu Sans,sans-serif;
                line-height: 130%;
            }
            h1 {
                font-family: Trebuchet MS,Liberation Sans,DejaVu Sans,sans-serif;
                font-size: 170%;
                font-weight: bold;
            }            
            h2 {
                font-family: Trebuchet MS,Liberation Sans,DejaVu Sans,sans-serif;
                font-size: 130%;
                font-weight: bold;
                margin-bottom: 5px;
            }            
            h3 {
                font-family: Trebuchet MS,Liberation Sans,DejaVu Sans,sans-serif;
                font-size: 120%;
                font-weight: bold;
                margin-bottom: 5px;
            }            
            a.bar
            {
                text-decoration: none;
                display: block;
                line-height: 1px;
            }
            .description
            {
                font-style: italic;
            }
            .log 
            {
                width: 600px;
                white-space: pre-wrap;
                display: block;
                margin: 0px;
            }
            .errorMessage 
            {
                width: 600px;
                color: Red;
                font-weight: bold;
            }
            .stackTrace 
            {
                width: 600px;
                white-space: pre-wrap;
                font-style: italic;
                color: Red;
                display: block;
            }
            table.testEvents
            {
                border: solid 1px #e8eef4;
                border-collapse: collapse;
            }
            table.testEvents td
            {
                vertical-align: top;
                padding: 5px;
                border: solid 1px #e8eef4;
            }
            table.testEvents th
            {
                padding: 6px 5px;
                text-align: left;
                background-color: #e8eef4;
                border: solid 1px #e8eef4;                
            }
            .comment
            {
                font-style: italic;
                font-size: smaller;
            }
            .startupBar
            {
                background-color: #EEEEEE;
                cursor: default;
            }
            
            .colorSucceeded
            {
                background-color: #90ED7B;
            }
            .colorIgnored
            {
                background-color: #FFFF85;
            }
            .colorPending
            {
                background-color: #D47BED;
            }
            .colorNothingToRun
            {
                background-color: #CCCCFF;
            }
            .colorSkipped
            {
                background-color: #CCCCFF;
            }
            .colorInconclusive
            {
                background-color: #7BEDED;
            }
            .colorCleanupFailed
            {
                background-color: #FFCCCC;
            }
            .colorRandomlyFailed
            {
                background-color: #EDB07B;
            }
            .colorFailed
            {
                background-color: #ED5F5F;
            }
            .colorInitializationFailed
            {
                background-color: #FF0000;
            }
            .colorFrameworkError
            {
                background-color: #FF0000;
            }
            ul.subNodeLinks
            {
                padding-left: 20px;
                margin: 0px;
            }
            ul.subNodeLinks li
            {
                list-style: none;
            }
            
            /* views general */
            div.scrollable
            {
                /*overflow: auto; - thsi has to be set from js, because of an IE9 bug */
            }
            div.viewbox
            {
                position: relative;
                border: 3px solid #e8eef4;
            }
            div.viewbox table
            {
                border: 0px;
            }
                        
            /* testview */
            #testview
            {
                padding-top: 23px;
            }
            
            table.testview-items td
            {
                vertical-align: bottom;
                padding: 0px 1px 0px 1px;
            }
            td.right-padding, td.left-padding
            {
                width: 25px;
                min-width: 25px;
            }
            table.testview-items a.bar
            {
                width: 5px;
            }
            table.testview-items tr.testview-items-row
            {
                height: 60px;
            }
            
            /* scale */
            table.vertical-scale 
            {
                position: absolute;
                top: 23px;
                left: 0px;
                width: 100%;
                z-index: -100;
            }
            table.vertical-scale td, tr.horizontal-scale td
            {
                font-size: 60%;
                line-height: normal;
            }
            table.vertical-scale tr.scale-max, table.vertical-scale tr.scale-mid 
            {
                height: 30px;
            }
            tr.horizontal-scale, table.vertical-scale tr.scale-min 
            {
                height: 12px;
            }
            
            td.scale-max-label, td.scale-mid-label, td.scale-min-label
            {
                border-top: solid 1px #E6E6E6;
                text-align: left;
                vertical-align: top;
            }
            td.scale-10-label
            {
                border-left: solid 1px #E6E6E6;
                text-align: left;
                vertical-align: bottom;
                padding-left: 1px;
            }
            tr.scale-mid td, tr.scale-min td, tr.scale-max td
            {
                border-top: solid 1px #E6E6E6;
            }
           
            
            /* bar-control */
            #bar-control
            {
                font-size: 60%;
                line-height: normal;
                position: absolute;
                right: 0px;
                top: 0px;
            }
            #bar-control label
            {
                font-weight: bold;
                vertical-align: middle;
            }
            #bar-control .option
            {
                vertical-align: middle;
                text-transform: lowercase;
            }
            #bar-control input[type="checkbox"]
            {
                padding: 0 2px 0 3px;
            }
            #bar-control input
            {
                vertical-align: top;
                height: 12px;
                margin: 0px;
                padding: 0px;
            }
            #bar-control div
            {
                float: right;
                margin: 3px 5px 3px 5px;
            }
            
            
            /* timeline view */
            #timelineview
            {
                padding-top: 5px;
            }
            table.timelineview a
            {
                height: 20px;
            }
            table.timelineview td
            {
                vertical-align: bottom;
                padding: 0px 1px 0px 0px;
                border: 0px;
            }
            tr.thread-items-row
            {
                height: 25px;
            }
            tr.thread-items-row td
            {
                vertical-align: bottom;
            }
            td.thread-label
            {
                padding: 0px 6px 0px 6px;
                text-align: right;
                line-height: 18px;
                vertical-align: bottom;
            }
            th.thread-label
            {
                padding: 3px 6px 0px 6px;
                line-height: 18px;
                text-align: left;
                vertical-align: bottom;
            }
        </style>
	</head>
	<body>
        <h1>SpecFlowTestsProject Test Execution Report</h1>
        <ul>
            <li>Project: SpecFlowTestsProject</li>
            <li>Configuration: SpecFlowTestsProject</li>
            <li>Test Assemblies: SpecFlowTestsProject.dll</li>
            <li>Start Time: 3/15/2019 4:35:18 AM</li>
            <li>Duration: 00:01:04.8802399</li>
            <li>Test Threads: 1</li>
        </ul>

        <h2>Result: 3 failed</h2>
        <table class="testEvents">
                <tr>
        <th colspan="2">Success rate</th>
        <th>Tests</th>
        <th>Succeeded</th>
        <th>Failed</th>
        <th>Pending</th>
        <th>Ignored</th>
        <th>Skipped</th>
    </tr>

                <tr>
            <td>
            0%
    </td>
    <td>
        <table class="timelineview" cellpadding="0" cellspacing="0">
            <tr>
                    <td>
                        <a class="bar colorFailed" 
                           style="width: 54px;" 
                           title="3 failed" 
                                                          href="#error_summary"
                        />
                    </td>
                    <td>
                        <a class="bar colorSkipped" 
                           style="width: 144px;" 
                           title="8 skipped" 
                                                   />
                    </td>
            </tr>
            
        </table>
    </td>
    <td>11 (test executions: 15)</td>
    <td>0</td>
    <td>3</td>
    <td>0</td>
    <td>0</td>
    <td>8</td>

    </tr>

        </table>
        
        <h2>Test Timeline Summary</h2>

        <div id="timelineview" class="viewbox">
            <div class="scrollable">
                <table cellpadding="0" cellspacing="0">
                    <tr>
                        <th class="thread-label" colspan="2">thread</th>
                    </tr>
                        <tr class="thread-items-row">
                            <td class="thread-label" title="Machine: PAUL-LAPTOP">#0</td>
                            <td colspan="2">
                                <table class="timelineview" cellpadding="0" cellspacing="0">
                                    <tr>

                                            <td>
        <a
            class="bar startupBar" 
            style="width: 3px;" 
                title="test thread startup" 
        >&nbsp;</a>
    </td>

    <td>
        <a
            class="bar colorFailed" 
            style="width: 10px;" 
                title="Alert (in Alerts)" 
                href="#t-45299958.0"
        >&nbsp;</a>
    </td>
    <td>
        <a
            class="bar colorFailed" 
            style="width: 13px;" 
                title="Alert (in Alerts) retry #1" 
                href="#t-45299958.1"
        >&nbsp;</a>
    </td>
    <td>
        <a
            class="bar colorFailed" 
            style="width: 16px;" 
                title="Alert (in Alerts) retry #2" 
                href="#t-45299958.2"
        >&nbsp;</a>
    </td>
    <td>
        <a
            class="bar colorFailed" 
            style="width: 14px;" 
                title="Confirm_OK (in Alerts)" 
                href="#t-254430639.0"
        >&nbsp;</a>
    </td>
    <td>
        <a
            class="bar colorFailed" 
            style="width: 12px;" 
                title="Confirm_OK (in Alerts) retry #1" 
                href="#t-254430639.1"
        >&nbsp;</a>
    </td>
    <td>
        <a
            class="bar colorFailed" 
            style="width: 14px;" 
                title="Confirm_OK (in Alerts) retry #2" 
                href="#t-254430639.2"
        >&nbsp;</a>
    </td>
    <td>
        <a
            class="bar colorFailed" 
            style="width: 15px;" 
                title="Confirm_Cancel (in Alerts)" 
                href="#t1518740507.0"
        >&nbsp;</a>
    </td>
                                    </tr>
                                </table>
                            </td>
                        </tr>
                    <tr class="horizontal-scale">
                        <td>&nbsp;</td>
                            <td class="scale-10-label" style="width: 71px;min-width: 71px;">0s</td>
                        <td class="scale-10-label">44s</td>
                    </tr>
                </table>
            </div>
        </div>

        <h2>Test Result View</h2>
        <div id="testview" class="viewbox">
            <div id="bar-control">
                <div id="bar-control-sort">
                    <label>sort by:</label>
                    <span class="option"><input type="radio" name="barSortOrder" value="exectime" />Time</span>
                    <span class="option"><input type="radio" name="barSortOrder" value="acttime" />Act Time</span>
                    <span class="option"><input type="radio" name="barSortOrder" value="order" />Execution</span>
                    <span class="option"><input type="radio" name="barSortOrder" value="rescode" checked="checked" />Result</span>
                    <span class="option"><input type="checkbox" name="barSortDesc" id="barSortDesc" checked="checked" />desc</span>
                </div>
                <div id="bar-control-heights">
                    <label>heights:</label>
                    <span class="option"><input type="radio" checked="checked" name="barHeight" value="exectime" />Time</span>
                    <span class="option"><input type="radio" name="barHeight" value="acttime" />Act Time</span>
                    
                </div>
            </div>
            <table class="vertical-scale" cellpadding="0" cellspacing="0">
                <tr class="scale-max">
                    <td class="left-padding scale-max-label">&nbsp;</td>
                    <td colspan="15">&nbsp;</td>
                    <td class="right-padding">&nbsp;</td>
                </tr>
                <tr class="scale-mid">
                    <td class="left-padding scale-mid-label">&nbsp;</td>
                    <td colspan="15">&nbsp;</td>
                    <td class="right-padding">&nbsp;</td>
                </tr>
                <tr class="scale-min">
                    <td class="left-padding scale-min-label">&nbsp;</td>
                    <td colspan="15">&nbsp;</td>
                    <td class="right-padding">&nbsp;</td>
                </tr>
            </table>
            <div class="scrollable">
                <table class="testview-items" cellpadding="0" cellspacing="0">
                    <tr class="testview-items-row">
                        <td class="left-padding">&nbsp;</td>
    <td class="testview-item" 
        data-sr-exectime="0" data-sr-rescode="320" data-sr-order="7" data-sr-acttime="0.0">
        <a
            class="bar colorSkipped" 
            style="height: 2px;"
            title="Prompt, &quot;&quot; (in Alerts)"
            href="#t-112113509.0">&nbsp;</a>
    </td>
    <td class="testview-item" 
        data-sr-exectime="0" data-sr-rescode="320" data-sr-order="8" data-sr-acttime="0.0">
        <a
            class="bar colorSkipped" 
            style="height: 2px;"
            title="Prompt, TestMonkey (in Alerts)"
            href="#t-1476123671.0">&nbsp;</a>
    </td>
    <td class="testview-item" 
        data-sr-exectime="0" data-sr-rescode="320" data-sr-order="9" data-sr-acttime="0.0">
        <a
            class="bar colorSkipped" 
            style="height: 2px;"
            title="Prompt, Infinite Monkeys on Infinite Keyboards (in Alerts)"
            href="#t-207479023.0">&nbsp;</a>
    </td>
    <td class="testview-item" 
        data-sr-exectime="0" data-sr-rescode="320" data-sr-order="10" data-sr-acttime="0.0">
        <a
            class="bar colorSkipped" 
            style="height: 2px;"
            title="Login with valid credentials, tomsmith (in Login Form)"
            href="#t-1002146423.0">&nbsp;</a>
    </td>
    <td class="testview-item" 
        data-sr-exectime="0" data-sr-rescode="320" data-sr-order="11" data-sr-acttime="0.0">
        <a
            class="bar colorSkipped" 
            style="height: 2px;"
            title="Attempt login with invalid credentials, Variant 0 (in Login Form)"
            href="#t694736982.0">&nbsp;</a>
    </td>
    <td class="testview-item" 
        data-sr-exectime="0" data-sr-rescode="320" data-sr-order="12" data-sr-acttime="0.0">
        <a
            class="bar colorSkipped" 
            style="height: 2px;"
            title="Attempt login with invalid credentials, Variant 1 (in Login Form)"
            href="#t694736981.0">&nbsp;</a>
    </td>
    <td class="testview-item" 
        data-sr-exectime="0" data-sr-rescode="320" data-sr-order="13" data-sr-acttime="0.0">
        <a
            class="bar colorSkipped" 
            style="height: 2px;"
            title="Attempt login with invalid credentials, Variant 2 (in Login Form)"
            href="#t694736980.0">&nbsp;</a>
    </td>
    <td class="testview-item" 
        data-sr-exectime="0" data-sr-rescode="320" data-sr-order="14" data-sr-acttime="0.0">
        <a
            class="bar colorSkipped" 
            style="height: 2px;"
            title="Attempt login with invalid credentials, Variant 3 (in Login Form)"
            href="#t694736939.0">&nbsp;</a>
    </td>
    <td class="testview-item" 
        data-sr-exectime="8.9534021" data-sr-rescode="440" data-sr-order="0" data-sr-acttime="0.034">
        <a
            class="bar colorFailed" 
            style="height: 50px;"
            title="Alert (in Alerts)"
            href="#t-45299958.0">&nbsp;</a>
    </td>
    <td class="testview-item" 
        data-sr-exectime="8.2446928" data-sr-rescode="440" data-sr-order="1" data-sr-acttime="0.019">
        <a
            class="bar colorFailed" 
            style="height: 46px;"
            title="Alert (in Alerts) retry #1"
            href="#t-45299958.1">&nbsp;</a>
    </td>
    <td class="testview-item" 
        data-sr-exectime="10.756439" data-sr-rescode="440" data-sr-order="2" data-sr-acttime="0.021">
        <a
            class="bar colorFailed" 
            style="height: 60px;"
            title="Alert (in Alerts) retry #2"
            href="#t-45299958.2">&nbsp;</a>
    </td>
    <td class="testview-item" 
        data-sr-exectime="9.1190155" data-sr-rescode="440" data-sr-order="3" data-sr-acttime="0.018">
        <a
            class="bar colorFailed" 
            style="height: 51px;"
            title="Confirm_OK (in Alerts)"
            href="#t-254430639.0">&nbsp;</a>
    </td>
    <td class="testview-item" 
        data-sr-exectime="7.9928284" data-sr-rescode="440" data-sr-order="4" data-sr-acttime="0.019">
        <a
            class="bar colorFailed" 
            style="height: 45px;"
            title="Confirm_OK (in Alerts) retry #1"
            href="#t-254430639.1">&nbsp;</a>
    </td>
    <td class="testview-item" 
        data-sr-exectime="9.616287" data-sr-rescode="440" data-sr-order="5" data-sr-acttime="0.022">
        <a
            class="bar colorFailed" 
            style="height: 54px;"
            title="Confirm_OK (in Alerts) retry #2"
            href="#t-254430639.2">&nbsp;</a>
    </td>
    <td class="testview-item" 
        data-sr-exectime="9.6989093" data-sr-rescode="440" data-sr-order="6" data-sr-acttime="0.021">
        <a
            class="bar colorFailed" 
            style="height: 54px;"
            title="Confirm_Cancel (in Alerts)"
            href="#t1518740507.0">&nbsp;</a>
    </td>
                        <td class="right-padding">&nbsp;</td>
                    </tr>
                    <tr class="horizontal-scale">
                        <td class="left-padding">&nbsp;</td>
                        <td colspan="10">&nbsp;</td>
                    </tr>
                </table>
            </div>
        </div>

        <h2>Feature Summary</h2>
        <table class="testEvents">
                <tr>
            <th>Feature</th>
        <th colspan="2">Success rate</th>
        <th>Tests</th>
        <th>Succeeded</th>
        <th>Failed</th>
        <th>Pending</th>
        <th>Ignored</th>
        <th>Skipped</th>
            <th>Duration</th>
    </tr>

    <tr>
            <td><a href="#f-675301000">Alerts</a></td>
            <td>
            0%
    </td>
    <td>
        <table class="timelineview" cellpadding="0" cellspacing="0">
            <tr>
                    <td>
                        <a class="bar colorFailed" 
                           style="width: 99px;" 
                           title="3 failed" 
                                                          href="#error_summary"
                        />
                    </td>
                    <td>
                        <a class="bar colorSkipped" 
                           style="width: 99px;" 
                           title="3 skipped" 
                                                   />
                    </td>
            </tr>
            
        </table>
    </td>
    <td>6 (test executions: 10)</td>
    <td>0</td>
    <td>3</td>
    <td>0</td>
    <td>0</td>
    <td>3</td>
        <td>00:01:04.3815741</td>

    </tr>
    <tr>
            <td><a href="#f-1328394732">Login Form</a></td>
            <td>
            n/a
    </td>
    <td>
        <table class="timelineview" cellpadding="0" cellspacing="0">
            <tr>
                    <td>
                        <a class="bar colorSkipped" 
                           style="width: 199px;" 
                           title="5 skipped" 
                                                   />
                    </td>
            </tr>
            
        </table>
    </td>
    <td>5</td>
    <td>0</td>
    <td>0</td>
    <td>0</td>
    <td>0</td>
    <td>5</td>
        <td>00:00:00</td>

    </tr>
        </table>

        <a name="error_summary" />
        <h2>Error Summary</h2>
        <table class="testEvents">
                <tr>
            <th>Test</th>
        <th colspan="2">Success rate</th>
        <th>Tests</th>
        <th>Succeeded</th>
        <th>Failed</th>
        <th>Pending</th>
        <th>Ignored</th>
        <th>Skipped</th>
    </tr>

                <tr>
                    <td>
                        <a href="#t-45299958.0">Alert (in SpecFlowTestsProject, Alerts)</a>
                            <a href="#t-45299958.1">retry #1</a>
                            <a href="#t-45299958.2">retry #2</a>
                    </td>
                        <td>
            0%
    </td>
    <td>
        <table class="timelineview" cellpadding="0" cellspacing="0">
            <tr>
                    <td>
                        <a class="bar colorFailed" 
                           style="width: 199px;" 
                           title="1 failed" 
                                                          href="#error_summary"
                        />
                    </td>
            </tr>
            
        </table>
    </td>
    <td>1 (test executions: 3)</td>
    <td>0</td>
    <td>1</td>
    <td>0</td>
    <td>0</td>
    <td>0</td>

                </tr>
                <tr>
                    <td colspan="9" style="padding-left: 20px;"><div class="errorMessage">Error: no such alert
  (Session info: chrome=72.0.3626.121)
  (Driver info: chromedriver=73.0.3683.68 (47787ec04b6e38e22703e856e101e840b65afe72),platform=Windows NT 10.0.17134 x86_64)</div></td>
                </tr>
                <tr>
                    <td>
                        <a href="#t-254430639.0">Confirm_OK (in SpecFlowTestsProject, Alerts)</a>
                            <a href="#t-254430639.1">retry #1</a>
                            <a href="#t-254430639.2">retry #2</a>
                    </td>
                        <td>
            0%
    </td>
    <td>
        <table class="timelineview" cellpadding="0" cellspacing="0">
            <tr>
                    <td>
                        <a class="bar colorFailed" 
                           style="width: 199px;" 
                           title="1 failed" 
                                                          href="#error_summary"
                        />
                    </td>
            </tr>
            
        </table>
    </td>
    <td>1 (test executions: 3)</td>
    <td>0</td>
    <td>1</td>
    <td>0</td>
    <td>0</td>
    <td>0</td>

                </tr>
                <tr>
                    <td colspan="9" style="padding-left: 20px;"><div class="errorMessage">Error: no such alert
  (Session info: chrome=72.0.3626.121)
  (Driver info: chromedriver=73.0.3683.68 (47787ec04b6e38e22703e856e101e840b65afe72),platform=Windows NT 10.0.17134 x86_64)</div></td>
                </tr>
                <tr>
                    <td>
                        <a href="#t1518740507.0">Confirm_Cancel (in SpecFlowTestsProject, Alerts)</a>
                    </td>
                        <td>
            0%
    </td>
    <td>
        <table class="timelineview" cellpadding="0" cellspacing="0">
            <tr>
                    <td>
                        <a class="bar colorFailed" 
                           style="width: 199px;" 
                           title="1 failed" 
                                                          href="#error_summary"
                        />
                    </td>
            </tr>
            
        </table>
    </td>
    <td>1</td>
    <td>0</td>
    <td>1</td>
    <td>0</td>
    <td>0</td>
    <td>0</td>

                </tr>
                <tr>
                    <td colspan="9" style="padding-left: 20px;"><div class="errorMessage">Error: no such alert
  (Session info: chrome=72.0.3626.121)
  (Driver info: chromedriver=73.0.3683.68 (47787ec04b6e38e22703e856e101e840b65afe72),platform=Windows NT 10.0.17134 x86_64)</div></td>
                </tr>
        </table>

        <h2>Scenario Summary</h2>
            <a name="f-675301000" />
            <h3>Feature: Alerts</h3>
                <div class="description"><pre>	In order to test JavaScript alerts
	As an Automated Test
	I will exercise several examples</pre>
                </div>
            <table class="testEvents">
                    <tr>
            <th>Test</th>
        <th colspan="2">Success rate</th>
        <th>Tests</th>
        <th>Succeeded</th>
        <th>Failed</th>
        <th>Pending</th>
        <th>Ignored</th>
        <th>Skipped</th>
            <th>Duration</th>
    </tr>

                    <tr>
                        <td>
                                    <a href="#t-45299958.0">Scenario: Alert</a>
            <a href="#t-45299958.1">retry #1</a>
            <a href="#t-45299958.2">retry #2</a>

                        </td>
                        
                            <td>
            0%
    </td>
    <td>
        <table class="timelineview" cellpadding="0" cellspacing="0">
            <tr>
                    <td>
                        <a class="bar colorFailed" 
                           style="width: 199px;" 
                           title="1 failed" 
                                                          href="#error_summary"
                        />
                    </td>
            </tr>
            
        </table>
    </td>
    <td>1 (test executions: 3)</td>
    <td>0</td>
    <td>1</td>
    <td>0</td>
    <td>0</td>
    <td>0</td>
        <td>00:00:27.9545339</td>

                        
                    </tr>
                    <tr>
                        <td>
                                    <a href="#t-254430639.0">Scenario: Confirm_OK</a>
            <a href="#t-254430639.1">retry #1</a>
            <a href="#t-254430639.2">retry #2</a>

                        </td>
                        
                            <td>
            0%
    </td>
    <td>
        <table class="timelineview" cellpadding="0" cellspacing="0">
            <tr>
                    <td>
                        <a class="bar colorFailed" 
                           style="width: 199px;" 
                           title="1 failed" 
                                                          href="#error_summary"
                        />
                    </td>
            </tr>
            
        </table>
    </td>
    <td>1 (test executions: 3)</td>
    <td>0</td>
    <td>1</td>
    <td>0</td>
    <td>0</td>
    <td>0</td>
        <td>00:00:26.7281309</td>

                        
                    </tr>
                    <tr>
                        <td>
                                    <a href="#t1518740507.0">Scenario: Confirm_Cancel</a>

                        </td>
                        
                            <td>
            0%
    </td>
    <td>
        <table class="timelineview" cellpadding="0" cellspacing="0">
            <tr>
                    <td>
                        <a class="bar colorFailed" 
                           style="width: 199px;" 
                           title="1 failed" 
                                                          href="#error_summary"
                        />
                    </td>
            </tr>
            
        </table>
    </td>
    <td>1</td>
    <td>0</td>
    <td>1</td>
    <td>0</td>
    <td>0</td>
    <td>0</td>
        <td>00:00:09.6989093</td>

                        
                    </tr>
                    <tr>
                        <td>
                                    <a href="#t-112113509.0">Scenario: Prompt, &quot;&quot;</a>

                        </td>
                        
                            <td>
            n/a
    </td>
    <td>
        <table class="timelineview" cellpadding="0" cellspacing="0">
            <tr>
                    <td>
                        <a class="bar colorSkipped" 
                           style="width: 199px;" 
                           title="1 skipped" 
                                                   />
                    </td>
            </tr>
            
        </table>
    </td>
    <td>1</td>
    <td>0</td>
    <td>0</td>
    <td>0</td>
    <td>0</td>
    <td>1</td>
        <td>00:00:00</td>

                        
                    </tr>
                    <tr>
                        <td>
                                    <a href="#t-1476123671.0">Scenario: Prompt, TestMonkey</a>

                        </td>
                        
                            <td>
            n/a
    </td>
    <td>
        <table class="timelineview" cellpadding="0" cellspacing="0">
            <tr>
                    <td>
                        <a class="bar colorSkipped" 
                           style="width: 199px;" 
                           title="1 skipped" 
                                                   />
                    </td>
            </tr>
            
        </table>
    </td>
    <td>1</td>
    <td>0</td>
    <td>0</td>
    <td>0</td>
    <td>0</td>
    <td>1</td>
        <td>00:00:00</td>

                        
                    </tr>
                    <tr>
                        <td>
                                    <a href="#t-207479023.0">Scenario: Prompt, Infinite Monkeys on Infinite Keyboards</a>

                        </td>
                        
                            <td>
            n/a
    </td>
    <td>
        <table class="timelineview" cellpadding="0" cellspacing="0">
            <tr>
                    <td>
                        <a class="bar colorSkipped" 
                           style="width: 199px;" 
                           title="1 skipped" 
                                                   />
                    </td>
            </tr>
            
        </table>
    </td>
    <td>1</td>
    <td>0</td>
    <td>0</td>
    <td>0</td>
    <td>0</td>
    <td>1</td>
        <td>00:00:00</td>

                        
                    </tr>
            </table>
            <a name="f-1328394732" />
            <h3>Feature: Login Form</h3>
                <div class="description"><pre>	In order to login to the application
	As a user
	I want to be able to login using assigned credentials
	And must not be able to login with invalid credentials</pre>
                </div>
            <table class="testEvents">
                    <tr>
            <th>Test</th>
        <th colspan="2">Success rate</th>
        <th>Tests</th>
        <th>Succeeded</th>
        <th>Failed</th>
        <th>Pending</th>
        <th>Ignored</th>
        <th>Skipped</th>
            <th>Duration</th>
    </tr>

                    <tr>
                        <td>
                                    <a href="#t-1002146423.0">Scenario: Login with valid credentials, tomsmith</a>

                        </td>
                        
                            <td>
            n/a
    </td>
    <td>
        <table class="timelineview" cellpadding="0" cellspacing="0">
            <tr>
                    <td>
                        <a class="bar colorSkipped" 
                           style="width: 199px;" 
                           title="1 skipped" 
                                                   />
                    </td>
            </tr>
            
        </table>
    </td>
    <td>1</td>
    <td>0</td>
    <td>0</td>
    <td>0</td>
    <td>0</td>
    <td>1</td>
        <td>00:00:00</td>

                        
                    </tr>
                    <tr>
                        <td>
                                    <a href="#t694736982.0">Scenario: Attempt login with invalid credentials, Variant 0</a>

                        </td>
                        
                            <td>
            n/a
    </td>
    <td>
        <table class="timelineview" cellpadding="0" cellspacing="0">
            <tr>
                    <td>
                        <a class="bar colorSkipped" 
                           style="width: 199px;" 
                           title="1 skipped" 
                                                   />
                    </td>
            </tr>
            
        </table>
    </td>
    <td>1</td>
    <td>0</td>
    <td>0</td>
    <td>0</td>
    <td>0</td>
    <td>1</td>
        <td>00:00:00</td>

                        
                    </tr>
                    <tr>
                        <td>
                                    <a href="#t694736981.0">Scenario: Attempt login with invalid credentials, Variant 1</a>

                        </td>
                        
                            <td>
            n/a
    </td>
    <td>
        <table class="timelineview" cellpadding="0" cellspacing="0">
            <tr>
                    <td>
                        <a class="bar colorSkipped" 
                           style="width: 199px;" 
                           title="1 skipped" 
                                                   />
                    </td>
            </tr>
            
        </table>
    </td>
    <td>1</td>
    <td>0</td>
    <td>0</td>
    <td>0</td>
    <td>0</td>
    <td>1</td>
        <td>00:00:00</td>

                        
                    </tr>
                    <tr>
                        <td>
                                    <a href="#t694736980.0">Scenario: Attempt login with invalid credentials, Variant 2</a>

                        </td>
                        
                            <td>
            n/a
    </td>
    <td>
        <table class="timelineview" cellpadding="0" cellspacing="0">
            <tr>
                    <td>
                        <a class="bar colorSkipped" 
                           style="width: 199px;" 
                           title="1 skipped" 
                                                   />
                    </td>
            </tr>
            
        </table>
    </td>
    <td>1</td>
    <td>0</td>
    <td>0</td>
    <td>0</td>
    <td>0</td>
    <td>1</td>
        <td>00:00:00</td>

                        
                    </tr>
                    <tr>
                        <td>
                                    <a href="#t694736939.0">Scenario: Attempt login with invalid credentials, Variant 3</a>

                        </td>
                        
                            <td>
            n/a
    </td>
    <td>
        <table class="timelineview" cellpadding="0" cellspacing="0">
            <tr>
                    <td>
                        <a class="bar colorSkipped" 
                           style="width: 199px;" 
                           title="1 skipped" 
                                                   />
                    </td>
            </tr>
            
        </table>
    </td>
    <td>1</td>
    <td>0</td>
    <td>0</td>
    <td>0</td>
    <td>0</td>
    <td>1</td>
        <td>00:00:00</td>

                        
                    </tr>
            </table>

        <h2>Execution Details</h2>
            <a name="t-45299958.0" />
            <h3>Scenario: Alert (in SpecFlowTestsProject, Alerts)</h3>
                <div class="description">
                    tags: Alert, Basic
                </div>
            <ul>
                <li>Status: Failed</li>
                <li>Start time: 3/15/2019 4:35:18 AM</li>
                <li>Execution time (sec): 8.9534021</li>
                <li>Thread: #0</li>
                <li>Error: no such alert
  (Session info: chrome=72.0.3626.121)
  (Driver info: chromedriver=73.0.3683.68 (47787ec04b6e38e22703e856e101e840b65afe72),platform=Windows NT 10.0.17134 x86_64)</li>
            </ul>
            <table class="testEvents">
                <tr>
                    <th>Steps</th>
                    <th>Trace</th>
                    <th>Result</th>
                </tr>
                    <tr>
                        <td>
                            <pre class="log"></pre>
                        </td>
                        <td>
                            <!-- [Initialization: Feature - Alerts] -->
                            <pre class="log">-&gt; Using app.config</pre>
                        </td>
                        <td>Succeeded in 0.376s</td>
                    </tr>
                    <tr>
                        <td>
                            <pre class="log">Given I visit the JavaScript example alerts page</pre>
                        </td>
                        <td>
                            <!-- [TestArrange: Scenario - Alert] -->
                            <pre class="log">done: AlertsSteps.GivenIVisitTheAlertsPage() (1.7s)</pre>
                        </td>
                        <td>Succeeded in 8.118s</td>
                    </tr>
                    <tr>
                        <td>
                            <pre class="log">When I click the &quot;Alert&quot; example button</pre>
                        </td>
                        <td>
                            <!-- [TestAct: Scenario - Alert] -->
                            <pre class="log">done: AlertsSteps.WhenIClickThePromptExampleButton(&quot;Alert&quot;) (0.0s)</pre>
                        </td>
                        <td>Succeeded in 0.034s</td>
                    </tr>
                    <tr>
                        <td>
                            <pre class="log">Then I confirm Alert appears with &quot;I am a JS Alert&quot; text</pre>
                        </td>
                        <td>
                            <!-- [TestAssert: Scenario - Alert] -->
                            <pre class="log">error: no such alert
  (Session info: chrome=72.0.3626.121)
  (Driver info: chromedriver=73.0.3683.68 (47787ec04b6e38e22703e856e101e840b65afe72),platform=Windows NT 10.0.17134 x86_64)</pre>
                                <div class="errorMessage">no such alert
  (Session info: chrome=72.0.3626.121)
  (Driver info: chromedriver=73.0.3683.68 (47787ec04b6e38e22703e856e101e840b65afe72),platform=Windows NT 10.0.17134 x86_64)</div>
                                <pre class="stackTrace">OpenQA.Selenium.NoAlertPresentException: no such alert
  (Session info: chrome=72.0.3626.121)
  (Driver info: chromedriver=73.0.3683.68 (47787ec04b6e38e22703e856e101e840b65afe72),platform=Windows NT 10.0.17134 x86_64)
   at OpenQA.Selenium.Remote.RemoteWebDriver.UnpackAndThrowOnError(Response errorResponse)
   at OpenQA.Selenium.Remote.RemoteWebDriver.Execute(String driverCommandToExecute, Dictionary`2 parameters)
   at OpenQA.Selenium.Remote.RemoteTargetLocator.Alert()
   at SpecFlowTestsProject.AUT.AlertsSteps.ThenIConfirmAlertAppearsWithText(String dialogText) in C:\Users\paul\source\repos\AutomationTest\SpecFlow\SpecFlowTestsProject\2. Alerts\AlertsSteps.cs:line 41
   at lambda_method(Closure , IContextManager , String )
   at TechTalk.SpecFlow.Bindings.BindingInvoker.InvokeBinding(IBinding binding, IContextManager contextManager, Object[] arguments, ITestTracer testTracer, TimeSpan&amp; duration)
   at TechTalk.SpecFlow.Infrastructure.TestExecutionEngine.ExecuteStepMatch(BindingMatch match, Object[] arguments)
   at TechTalk.SpecRun.SpecFlowPlugin.Runtime.RunnerTestExecutionEngine.ExecuteStepMatch(BindingMatch match, Object[] arguments)
   at TechTalk.SpecFlow.Infrastructure.TestExecutionEngine.ExecuteStep(IContextManager contextManager, StepInstance stepInstance)
   at TechTalk.SpecFlow.Infrastructure.TestExecutionEngine.OnAfterLastStep()
   at TechTalk.SpecFlow.TestRunner.CollectScenarioErrors()
   at SpecFlowTestsProject._2_Alerts.AlertsFeature.ScenarioCleanup()
   at SpecFlowTestsProject._2_Alerts.AlertsFeature.Alert() in C:\Users\paul\source\repos\AutomationTest\SpecFlow\SpecFlowTestsProject\2. Alerts\Alerts.feature:line 12
   at TechTalk.SpecRun.Framework.TaskExecutors.StaticOrInstanceMethodExecutor.ExecuteInternal(ITestThreadExecutionContext testThreadExecutionContext)
   at TechTalk.SpecRun.Framework.TaskExecutors.StaticOrInstanceMethodExecutor.Execute(ITestThreadExecutionContext testThreadExecutionContext)
   at TechTalk.SpecRun.Framework.TestAssemblyExecutor.ExecuteTestNodeTask(TestNode testNode, ITaskExecutor task, TraceEventType eventType)</pre>
                        </td>
                        <td>Failed in 0.046s</td>
                    </tr>
                    <tr>
                        <td>
                            <pre class="log">And I act upon alert by clicking &quot;OK&quot; button</pre>
                        </td>
                        <td>
                            <!-- [TestAssert: Scenario - Alert] -->
                            <pre class="log">skipped because of previous errors</pre>
                        </td>
                        <td>Skipped in 0s</td>
                    </tr>
                    <tr>
                        <td>
                            <pre class="log">And I confirm Result message &quot;You successfuly clicked an alert&quot;</pre>
                        </td>
                        <td>
                            <!-- [TestAssert: Scenario - Alert] -->
                            <pre class="log">skipped because of previous errors</pre>
                        </td>
                        <td>Skipped in 0.012s</td>
                    </tr>
            </table>
            <a name="t-45299958.1" />
            <h3>Scenario: Alert (in SpecFlowTestsProject, Alerts) retry #1</h3>
                <div class="description">
                    tags: Alert, Basic
                </div>
            <ul>
                <li>Status: Failed</li>
                <li>Start time: 3/15/2019 4:35:27 AM</li>
                <li>Execution time (sec): 8.2446928</li>
                <li>Thread: #0</li>
                <li>Error: no such alert
  (Session info: chrome=72.0.3626.121)
  (Driver info: chromedriver=73.0.3683.68 (47787ec04b6e38e22703e856e101e840b65afe72),platform=Windows NT 10.0.17134 x86_64)</li>
            </ul>
            <table class="testEvents">
                <tr>
                    <th>Steps</th>
                    <th>Trace</th>
                    <th>Result</th>
                </tr>
                    <tr>
                        <td>
                            <pre class="log">Given I visit the JavaScript example alerts page</pre>
                        </td>
                        <td>
                            <!-- [TestArrange: Scenario - Alert] -->
                            <pre class="log">done: AlertsSteps.GivenIVisitTheAlertsPage() (1.7s)</pre>
                        </td>
                        <td>Succeeded in 7.917s</td>
                    </tr>
                    <tr>
                        <td>
                            <pre class="log">When I click the &quot;Alert&quot; example button</pre>
                        </td>
                        <td>
                            <!-- [TestAct: Scenario - Alert] -->
                            <pre class="log">done: AlertsSteps.WhenIClickThePromptExampleButton(&quot;Alert&quot;) (0.0s)</pre>
                        </td>
                        <td>Succeeded in 0.019s</td>
                    </tr>
                    <tr>
                        <td>
                            <pre class="log">Then I confirm Alert appears with &quot;I am a JS Alert&quot; text</pre>
                        </td>
                        <td>
                            <!-- [TestAssert: Scenario - Alert] -->
                            <pre class="log">error: no such alert
  (Session info: chrome=72.0.3626.121)
  (Driver info: chromedriver=73.0.3683.68 (47787ec04b6e38e22703e856e101e840b65afe72),platform=Windows NT 10.0.17134 x86_64)</pre>
                                <div class="errorMessage">no such alert
  (Session info: chrome=72.0.3626.121)
  (Driver info: chromedriver=73.0.3683.68 (47787ec04b6e38e22703e856e101e840b65afe72),platform=Windows NT 10.0.17134 x86_64)</div>
                                <pre class="stackTrace">OpenQA.Selenium.NoAlertPresentException: no such alert
  (Session info: chrome=72.0.3626.121)
  (Driver info: chromedriver=73.0.3683.68 (47787ec04b6e38e22703e856e101e840b65afe72),platform=Windows NT 10.0.17134 x86_64)
   at OpenQA.Selenium.Remote.RemoteWebDriver.UnpackAndThrowOnError(Response errorResponse)
   at OpenQA.Selenium.Remote.RemoteWebDriver.Execute(String driverCommandToExecute, Dictionary`2 parameters)
   at OpenQA.Selenium.Remote.RemoteTargetLocator.Alert()
   at SpecFlowTestsProject.AUT.AlertsSteps.ThenIConfirmAlertAppearsWithText(String dialogText) in C:\Users\paul\source\repos\AutomationTest\SpecFlow\SpecFlowTestsProject\2. Alerts\AlertsSteps.cs:line 41
   at lambda_method(Closure , IContextManager , String )
   at TechTalk.SpecFlow.Bindings.BindingInvoker.InvokeBinding(IBinding binding, IContextManager contextManager, Object[] arguments, ITestTracer testTracer, TimeSpan&amp; duration)
   at TechTalk.SpecFlow.Infrastructure.TestExecutionEngine.ExecuteStepMatch(BindingMatch match, Object[] arguments)
   at TechTalk.SpecRun.SpecFlowPlugin.Runtime.RunnerTestExecutionEngine.ExecuteStepMatch(BindingMatch match, Object[] arguments)
   at TechTalk.SpecFlow.Infrastructure.TestExecutionEngine.ExecuteStep(IContextManager contextManager, StepInstance stepInstance)
   at TechTalk.SpecFlow.Infrastructure.TestExecutionEngine.OnAfterLastStep()
   at TechTalk.SpecFlow.TestRunner.CollectScenarioErrors()
   at SpecFlowTestsProject._2_Alerts.AlertsFeature.ScenarioCleanup()
   at SpecFlowTestsProject._2_Alerts.AlertsFeature.Alert() in C:\Users\paul\source\repos\AutomationTest\SpecFlow\SpecFlowTestsProject\2. Alerts\Alerts.feature:line 12
   at TechTalk.SpecRun.Framework.TaskExecutors.StaticOrInstanceMethodExecutor.ExecuteInternal(ITestThreadExecutionContext testThreadExecutionContext)
   at TechTalk.SpecRun.Framework.TaskExecutors.StaticOrInstanceMethodExecutor.Execute(ITestThreadExecutionContext testThreadExecutionContext)
   at TechTalk.SpecRun.Framework.TestAssemblyExecutor.ExecuteTestNodeTask(TestNode testNode, ITaskExecutor task, TraceEventType eventType)</pre>
                        </td>
                        <td>Failed in 0.002s</td>
                    </tr>
                    <tr>
                        <td>
                            <pre class="log">And I act upon alert by clicking &quot;OK&quot; button</pre>
                        </td>
                        <td>
                            <!-- [TestAssert: Scenario - Alert] -->
                            <pre class="log">skipped because of previous errors</pre>
                        </td>
                        <td>Skipped in 0s</td>
                    </tr>
                    <tr>
                        <td>
                            <pre class="log">And I confirm Result message &quot;You successfuly clicked an alert&quot;</pre>
                        </td>
                        <td>
                            <!-- [TestAssert: Scenario - Alert] -->
                            <pre class="log">skipped because of previous errors</pre>
                        </td>
                        <td>Skipped in 0.001s</td>
                    </tr>
            </table>
            <a name="t-45299958.2" />
            <h3>Scenario: Alert (in SpecFlowTestsProject, Alerts) retry #2</h3>
                <div class="description">
                    tags: Alert, Basic
                </div>
            <ul>
                <li>Status: Failed</li>
                <li>Start time: 3/15/2019 4:35:35 AM</li>
                <li>Execution time (sec): 10.756439</li>
                <li>Thread: #0</li>
                <li>Error: no such alert
  (Session info: chrome=72.0.3626.121)
  (Driver info: chromedriver=73.0.3683.68 (47787ec04b6e38e22703e856e101e840b65afe72),platform=Windows NT 10.0.17134 x86_64)</li>
            </ul>
            <table class="testEvents">
                <tr>
                    <th>Steps</th>
                    <th>Trace</th>
                    <th>Result</th>
                </tr>
                    <tr>
                        <td>
                            <pre class="log">Given I visit the JavaScript example alerts page</pre>
                        </td>
                        <td>
                            <!-- [TestArrange: Scenario - Alert] -->
                            <pre class="log">done: AlertsSteps.GivenIVisitTheAlertsPage() (4.2s)</pre>
                        </td>
                        <td>Succeeded in 10.403s</td>
                    </tr>
                    <tr>
                        <td>
                            <pre class="log">When I click the &quot;Alert&quot; example button</pre>
                        </td>
                        <td>
                            <!-- [TestAct: Scenario - Alert] -->
                            <pre class="log">done: AlertsSteps.WhenIClickThePromptExampleButton(&quot;Alert&quot;) (0.0s)</pre>
                        </td>
                        <td>Succeeded in 0.021s</td>
                    </tr>
                    <tr>
                        <td>
                            <pre class="log">Then I confirm Alert appears with &quot;I am a JS Alert&quot; text</pre>
                        </td>
                        <td>
                            <!-- [TestAssert: Scenario - Alert] -->
                            <pre class="log">error: no such alert
  (Session info: chrome=72.0.3626.121)
  (Driver info: chromedriver=73.0.3683.68 (47787ec04b6e38e22703e856e101e840b65afe72),platform=Windows NT 10.0.17134 x86_64)</pre>
                                <div class="errorMessage">no such alert
  (Session info: chrome=72.0.3626.121)
  (Driver info: chromedriver=73.0.3683.68 (47787ec04b6e38e22703e856e101e840b65afe72),platform=Windows NT 10.0.17134 x86_64)</div>
                                <pre class="stackTrace">OpenQA.Selenium.NoAlertPresentException: no such alert
  (Session info: chrome=72.0.3626.121)
  (Driver info: chromedriver=73.0.3683.68 (47787ec04b6e38e22703e856e101e840b65afe72),platform=Windows NT 10.0.17134 x86_64)
   at OpenQA.Selenium.Remote.RemoteWebDriver.UnpackAndThrowOnError(Response errorResponse)
   at OpenQA.Selenium.Remote.RemoteWebDriver.Execute(String driverCommandToExecute, Dictionary`2 parameters)
   at OpenQA.Selenium.Remote.RemoteTargetLocator.Alert()
   at SpecFlowTestsProject.AUT.AlertsSteps.ThenIConfirmAlertAppearsWithText(String dialogText) in C:\Users\paul\source\repos\AutomationTest\SpecFlow\SpecFlowTestsProject\2. Alerts\AlertsSteps.cs:line 41
   at lambda_method(Closure , IContextManager , String )
   at TechTalk.SpecFlow.Bindings.BindingInvoker.InvokeBinding(IBinding binding, IContextManager contextManager, Object[] arguments, ITestTracer testTracer, TimeSpan&amp; duration)
   at TechTalk.SpecFlow.Infrastructure.TestExecutionEngine.ExecuteStepMatch(BindingMatch match, Object[] arguments)
   at TechTalk.SpecRun.SpecFlowPlugin.Runtime.RunnerTestExecutionEngine.ExecuteStepMatch(BindingMatch match, Object[] arguments)
   at TechTalk.SpecFlow.Infrastructure.TestExecutionEngine.ExecuteStep(IContextManager contextManager, StepInstance stepInstance)
   at TechTalk.SpecFlow.Infrastructure.TestExecutionEngine.OnAfterLastStep()
   at TechTalk.SpecFlow.TestRunner.CollectScenarioErrors()
   at SpecFlowTestsProject._2_Alerts.AlertsFeature.ScenarioCleanup()
   at SpecFlowTestsProject._2_Alerts.AlertsFeature.Alert() in C:\Users\paul\source\repos\AutomationTest\SpecFlow\SpecFlowTestsProject\2. Alerts\Alerts.feature:line 12
   at TechTalk.SpecRun.Framework.TaskExecutors.StaticOrInstanceMethodExecutor.ExecuteInternal(ITestThreadExecutionContext testThreadExecutionContext)
   at TechTalk.SpecRun.Framework.TaskExecutors.StaticOrInstanceMethodExecutor.Execute(ITestThreadExecutionContext testThreadExecutionContext)
   at TechTalk.SpecRun.Framework.TestAssemblyExecutor.ExecuteTestNodeTask(TestNode testNode, ITaskExecutor task, TraceEventType eventType)</pre>
                        </td>
                        <td>Failed in 0.002s</td>
                    </tr>
                    <tr>
                        <td>
                            <pre class="log">And I act upon alert by clicking &quot;OK&quot; button</pre>
                        </td>
                        <td>
                            <!-- [TestAssert: Scenario - Alert] -->
                            <pre class="log">skipped because of previous errors</pre>
                        </td>
                        <td>Skipped in 0s</td>
                    </tr>
                    <tr>
                        <td>
                            <pre class="log">And I confirm Result message &quot;You successfuly clicked an alert&quot;</pre>
                        </td>
                        <td>
                            <!-- [TestAssert: Scenario - Alert] -->
                            <pre class="log">skipped because of previous errors</pre>
                        </td>
                        <td>Skipped in 0.001s</td>
                    </tr>
            </table>
            <a name="t-254430639.0" />
            <h3>Scenario: Confirm_OK (in SpecFlowTestsProject, Alerts)</h3>
                <div class="description">
                    tags: Alert, Confirm, OK
                </div>
            <ul>
                <li>Status: Failed</li>
                <li>Start time: 3/15/2019 4:35:46 AM</li>
                <li>Execution time (sec): 9.1190155</li>
                <li>Thread: #0</li>
                <li>Error: no such alert
  (Session info: chrome=72.0.3626.121)
  (Driver info: chromedriver=73.0.3683.68 (47787ec04b6e38e22703e856e101e840b65afe72),platform=Windows NT 10.0.17134 x86_64)</li>
            </ul>
            <table class="testEvents">
                <tr>
                    <th>Steps</th>
                    <th>Trace</th>
                    <th>Result</th>
                </tr>
                    <tr>
                        <td>
                            <pre class="log">Given I visit the JavaScript example alerts page</pre>
                        </td>
                        <td>
                            <!-- [TestArrange: Scenario - Confirm_OK] -->
                            <pre class="log">done: AlertsSteps.GivenIVisitTheAlertsPage() (2.5s)</pre>
                        </td>
                        <td>Succeeded in 8.784s</td>
                    </tr>
                    <tr>
                        <td>
                            <pre class="log">When I click the &quot;Confirm&quot; example button</pre>
                        </td>
                        <td>
                            <!-- [TestAct: Scenario - Confirm_OK] -->
                            <pre class="log">done: AlertsSteps.WhenIClickThePromptExampleButton(&quot;Confirm&quot;) (0.0s)</pre>
                        </td>
                        <td>Succeeded in 0.018s</td>
                    </tr>
                    <tr>
                        <td>
                            <pre class="log">Then I confirm Alert appears with &quot;I am a JS Confirm&quot; text</pre>
                        </td>
                        <td>
                            <!-- [TestAssert: Scenario - Confirm_OK] -->
                            <pre class="log">error: no such alert
  (Session info: chrome=72.0.3626.121)
  (Driver info: chromedriver=73.0.3683.68 (47787ec04b6e38e22703e856e101e840b65afe72),platform=Windows NT 10.0.17134 x86_64)</pre>
                                <div class="errorMessage">no such alert
  (Session info: chrome=72.0.3626.121)
  (Driver info: chromedriver=73.0.3683.68 (47787ec04b6e38e22703e856e101e840b65afe72),platform=Windows NT 10.0.17134 x86_64)</div>
                                <pre class="stackTrace">OpenQA.Selenium.NoAlertPresentException: no such alert
  (Session info: chrome=72.0.3626.121)
  (Driver info: chromedriver=73.0.3683.68 (47787ec04b6e38e22703e856e101e840b65afe72),platform=Windows NT 10.0.17134 x86_64)
   at OpenQA.Selenium.Remote.RemoteWebDriver.UnpackAndThrowOnError(Response errorResponse)
   at OpenQA.Selenium.Remote.RemoteWebDriver.Execute(String driverCommandToExecute, Dictionary`2 parameters)
   at OpenQA.Selenium.Remote.RemoteTargetLocator.Alert()
   at SpecFlowTestsProject.AUT.AlertsSteps.ThenIConfirmAlertAppearsWithText(String dialogText) in C:\Users\paul\source\repos\AutomationTest\SpecFlow\SpecFlowTestsProject\2. Alerts\AlertsSteps.cs:line 41
   at lambda_method(Closure , IContextManager , String )
   at TechTalk.SpecFlow.Bindings.BindingInvoker.InvokeBinding(IBinding binding, IContextManager contextManager, Object[] arguments, ITestTracer testTracer, TimeSpan&amp; duration)
   at TechTalk.SpecFlow.Infrastructure.TestExecutionEngine.ExecuteStepMatch(BindingMatch match, Object[] arguments)
   at TechTalk.SpecRun.SpecFlowPlugin.Runtime.RunnerTestExecutionEngine.ExecuteStepMatch(BindingMatch match, Object[] arguments)
   at TechTalk.SpecFlow.Infrastructure.TestExecutionEngine.ExecuteStep(IContextManager contextManager, StepInstance stepInstance)
   at TechTalk.SpecFlow.Infrastructure.TestExecutionEngine.OnAfterLastStep()
   at TechTalk.SpecFlow.TestRunner.CollectScenarioErrors()
   at SpecFlowTestsProject._2_Alerts.AlertsFeature.ScenarioCleanup()
   at SpecFlowTestsProject._2_Alerts.AlertsFeature.Confirm_OK() in C:\Users\paul\source\repos\AutomationTest\SpecFlow\SpecFlowTestsProject\2. Alerts\Alerts.feature:line 21
   at TechTalk.SpecRun.Framework.TaskExecutors.StaticOrInstanceMethodExecutor.ExecuteInternal(ITestThreadExecutionContext testThreadExecutionContext)
   at TechTalk.SpecRun.Framework.TaskExecutors.StaticOrInstanceMethodExecutor.Execute(ITestThreadExecutionContext testThreadExecutionContext)
   at TechTalk.SpecRun.Framework.TestAssemblyExecutor.ExecuteTestNodeTask(TestNode testNode, ITaskExecutor task, TraceEventType eventType)</pre>
                        </td>
                        <td>Failed in 0.002s</td>
                    </tr>
                    <tr>
                        <td>
                            <pre class="log">And I act upon alert by clicking &quot;OK&quot; button</pre>
                        </td>
                        <td>
                            <!-- [TestAssert: Scenario - Confirm_OK] -->
                            <pre class="log">skipped because of previous errors</pre>
                        </td>
                        <td>Skipped in 0s</td>
                    </tr>
                    <tr>
                        <td>
                            <pre class="log">And I confirm Result message &quot;You clicked: Ok&quot;</pre>
                        </td>
                        <td>
                            <!-- [TestAssert: Scenario - Confirm_OK] -->
                            <pre class="log">skipped because of previous errors</pre>
                        </td>
                        <td>Skipped in 0.001s</td>
                    </tr>
            </table>
            <a name="t-254430639.1" />
            <h3>Scenario: Confirm_OK (in SpecFlowTestsProject, Alerts) retry #1</h3>
                <div class="description">
                    tags: Alert, Confirm, OK
                </div>
            <ul>
                <li>Status: Failed</li>
                <li>Start time: 3/15/2019 4:35:55 AM</li>
                <li>Execution time (sec): 7.9928284</li>
                <li>Thread: #0</li>
                <li>Error: no such alert
  (Session info: chrome=72.0.3626.121)
  (Driver info: chromedriver=73.0.3683.68 (47787ec04b6e38e22703e856e101e840b65afe72),platform=Windows NT 10.0.17134 x86_64)</li>
            </ul>
            <table class="testEvents">
                <tr>
                    <th>Steps</th>
                    <th>Trace</th>
                    <th>Result</th>
                </tr>
                    <tr>
                        <td>
                            <pre class="log">Given I visit the JavaScript example alerts page</pre>
                        </td>
                        <td>
                            <!-- [TestArrange: Scenario - Confirm_OK] -->
                            <pre class="log">done: AlertsSteps.GivenIVisitTheAlertsPage() (1.4s)</pre>
                        </td>
                        <td>Succeeded in 7.634s</td>
                    </tr>
                    <tr>
                        <td>
                            <pre class="log">When I click the &quot;Confirm&quot; example button</pre>
                        </td>
                        <td>
                            <!-- [TestAct: Scenario - Confirm_OK] -->
                            <pre class="log">done: AlertsSteps.WhenIClickThePromptExampleButton(&quot;Confirm&quot;) (0.0s)</pre>
                        </td>
                        <td>Succeeded in 0.019s</td>
                    </tr>
                    <tr>
                        <td>
                            <pre class="log">Then I confirm Alert appears with &quot;I am a JS Confirm&quot; text</pre>
                        </td>
                        <td>
                            <!-- [TestAssert: Scenario - Confirm_OK] -->
                            <pre class="log">error: no such alert
  (Session info: chrome=72.0.3626.121)
  (Driver info: chromedriver=73.0.3683.68 (47787ec04b6e38e22703e856e101e840b65afe72),platform=Windows NT 10.0.17134 x86_64)</pre>
                                <div class="errorMessage">no such alert
  (Session info: chrome=72.0.3626.121)
  (Driver info: chromedriver=73.0.3683.68 (47787ec04b6e38e22703e856e101e840b65afe72),platform=Windows NT 10.0.17134 x86_64)</div>
                                <pre class="stackTrace">OpenQA.Selenium.NoAlertPresentException: no such alert
  (Session info: chrome=72.0.3626.121)
  (Driver info: chromedriver=73.0.3683.68 (47787ec04b6e38e22703e856e101e840b65afe72),platform=Windows NT 10.0.17134 x86_64)
   at OpenQA.Selenium.Remote.RemoteWebDriver.UnpackAndThrowOnError(Response errorResponse)
   at OpenQA.Selenium.Remote.RemoteWebDriver.Execute(String driverCommandToExecute, Dictionary`2 parameters)
   at OpenQA.Selenium.Remote.RemoteTargetLocator.Alert()
   at SpecFlowTestsProject.AUT.AlertsSteps.ThenIConfirmAlertAppearsWithText(String dialogText) in C:\Users\paul\source\repos\AutomationTest\SpecFlow\SpecFlowTestsProject\2. Alerts\AlertsSteps.cs:line 41
   at lambda_method(Closure , IContextManager , String )
   at TechTalk.SpecFlow.Bindings.BindingInvoker.InvokeBinding(IBinding binding, IContextManager contextManager, Object[] arguments, ITestTracer testTracer, TimeSpan&amp; duration)
   at TechTalk.SpecFlow.Infrastructure.TestExecutionEngine.ExecuteStepMatch(BindingMatch match, Object[] arguments)
   at TechTalk.SpecRun.SpecFlowPlugin.Runtime.RunnerTestExecutionEngine.ExecuteStepMatch(BindingMatch match, Object[] arguments)
   at TechTalk.SpecFlow.Infrastructure.TestExecutionEngine.ExecuteStep(IContextManager contextManager, StepInstance stepInstance)
   at TechTalk.SpecFlow.Infrastructure.TestExecutionEngine.OnAfterLastStep()
   at TechTalk.SpecFlow.TestRunner.CollectScenarioErrors()
   at SpecFlowTestsProject._2_Alerts.AlertsFeature.ScenarioCleanup()
   at SpecFlowTestsProject._2_Alerts.AlertsFeature.Confirm_OK() in C:\Users\paul\source\repos\AutomationTest\SpecFlow\SpecFlowTestsProject\2. Alerts\Alerts.feature:line 21
   at TechTalk.SpecRun.Framework.TaskExecutors.StaticOrInstanceMethodExecutor.ExecuteInternal(ITestThreadExecutionContext testThreadExecutionContext)
   at TechTalk.SpecRun.Framework.TaskExecutors.StaticOrInstanceMethodExecutor.Execute(ITestThreadExecutionContext testThreadExecutionContext)
   at TechTalk.SpecRun.Framework.TestAssemblyExecutor.ExecuteTestNodeTask(TestNode testNode, ITaskExecutor task, TraceEventType eventType)</pre>
                        </td>
                        <td>Failed in 0.003s</td>
                    </tr>
                    <tr>
                        <td>
                            <pre class="log">And I act upon alert by clicking &quot;OK&quot; button</pre>
                        </td>
                        <td>
                            <!-- [TestAssert: Scenario - Confirm_OK] -->
                            <pre class="log">skipped because of previous errors</pre>
                        </td>
                        <td>Skipped in 0s</td>
                    </tr>
                    <tr>
                        <td>
                            <pre class="log">And I confirm Result message &quot;You clicked: Ok&quot;</pre>
                        </td>
                        <td>
                            <!-- [TestAssert: Scenario - Confirm_OK] -->
                            <pre class="log">skipped because of previous errors</pre>
                        </td>
                        <td>Skipped in 0s</td>
                    </tr>
            </table>
            <a name="t-254430639.2" />
            <h3>Scenario: Confirm_OK (in SpecFlowTestsProject, Alerts) retry #2</h3>
                <div class="description">
                    tags: Alert, Confirm, OK
                </div>
            <ul>
                <li>Status: Failed</li>
                <li>Start time: 3/15/2019 4:36:03 AM</li>
                <li>Execution time (sec): 9.616287</li>
                <li>Thread: #0</li>
                <li>Error: no such alert
  (Session info: chrome=72.0.3626.121)
  (Driver info: chromedriver=73.0.3683.68 (47787ec04b6e38e22703e856e101e840b65afe72),platform=Windows NT 10.0.17134 x86_64)</li>
            </ul>
            <table class="testEvents">
                <tr>
                    <th>Steps</th>
                    <th>Trace</th>
                    <th>Result</th>
                </tr>
                    <tr>
                        <td>
                            <pre class="log">Given I visit the JavaScript example alerts page</pre>
                        </td>
                        <td>
                            <!-- [TestArrange: Scenario - Confirm_OK] -->
                            <pre class="log">done: AlertsSteps.GivenIVisitTheAlertsPage() (2.9s)</pre>
                        </td>
                        <td>Succeeded in 9.184s</td>
                    </tr>
                    <tr>
                        <td>
                            <pre class="log">When I click the &quot;Confirm&quot; example button</pre>
                        </td>
                        <td>
                            <!-- [TestAct: Scenario - Confirm_OK] -->
                            <pre class="log">done: AlertsSteps.WhenIClickThePromptExampleButton(&quot;Confirm&quot;) (0.0s)</pre>
                        </td>
                        <td>Succeeded in 0.022s</td>
                    </tr>
                    <tr>
                        <td>
                            <pre class="log">Then I confirm Alert appears with &quot;I am a JS Confirm&quot; text</pre>
                        </td>
                        <td>
                            <!-- [TestAssert: Scenario - Confirm_OK] -->
                            <pre class="log">error: no such alert
  (Session info: chrome=72.0.3626.121)
  (Driver info: chromedriver=73.0.3683.68 (47787ec04b6e38e22703e856e101e840b65afe72),platform=Windows NT 10.0.17134 x86_64)</pre>
                                <div class="errorMessage">no such alert
  (Session info: chrome=72.0.3626.121)
  (Driver info: chromedriver=73.0.3683.68 (47787ec04b6e38e22703e856e101e840b65afe72),platform=Windows NT 10.0.17134 x86_64)</div>
                                <pre class="stackTrace">OpenQA.Selenium.NoAlertPresentException: no such alert
  (Session info: chrome=72.0.3626.121)
  (Driver info: chromedriver=73.0.3683.68 (47787ec04b6e38e22703e856e101e840b65afe72),platform=Windows NT 10.0.17134 x86_64)
   at OpenQA.Selenium.Remote.RemoteWebDriver.UnpackAndThrowOnError(Response errorResponse)
   at OpenQA.Selenium.Remote.RemoteWebDriver.Execute(String driverCommandToExecute, Dictionary`2 parameters)
   at OpenQA.Selenium.Remote.RemoteTargetLocator.Alert()
   at SpecFlowTestsProject.AUT.AlertsSteps.ThenIConfirmAlertAppearsWithText(String dialogText) in C:\Users\paul\source\repos\AutomationTest\SpecFlow\SpecFlowTestsProject\2. Alerts\AlertsSteps.cs:line 41
   at lambda_method(Closure , IContextManager , String )
   at TechTalk.SpecFlow.Bindings.BindingInvoker.InvokeBinding(IBinding binding, IContextManager contextManager, Object[] arguments, ITestTracer testTracer, TimeSpan&amp; duration)
   at TechTalk.SpecFlow.Infrastructure.TestExecutionEngine.ExecuteStepMatch(BindingMatch match, Object[] arguments)
   at TechTalk.SpecRun.SpecFlowPlugin.Runtime.RunnerTestExecutionEngine.ExecuteStepMatch(BindingMatch match, Object[] arguments)
   at TechTalk.SpecFlow.Infrastructure.TestExecutionEngine.ExecuteStep(IContextManager contextManager, StepInstance stepInstance)
   at TechTalk.SpecFlow.Infrastructure.TestExecutionEngine.OnAfterLastStep()
   at TechTalk.SpecFlow.TestRunner.CollectScenarioErrors()
   at SpecFlowTestsProject._2_Alerts.AlertsFeature.ScenarioCleanup()
   at SpecFlowTestsProject._2_Alerts.AlertsFeature.Confirm_OK() in C:\Users\paul\source\repos\AutomationTest\SpecFlow\SpecFlowTestsProject\2. Alerts\Alerts.feature:line 21
   at TechTalk.SpecRun.Framework.TaskExecutors.StaticOrInstanceMethodExecutor.ExecuteInternal(ITestThreadExecutionContext testThreadExecutionContext)
   at TechTalk.SpecRun.Framework.TaskExecutors.StaticOrInstanceMethodExecutor.Execute(ITestThreadExecutionContext testThreadExecutionContext)
   at TechTalk.SpecRun.Framework.TestAssemblyExecutor.ExecuteTestNodeTask(TestNode testNode, ITaskExecutor task, TraceEventType eventType)</pre>
                        </td>
                        <td>Failed in 0.003s</td>
                    </tr>
                    <tr>
                        <td>
                            <pre class="log">And I act upon alert by clicking &quot;OK&quot; button</pre>
                        </td>
                        <td>
                            <!-- [TestAssert: Scenario - Confirm_OK] -->
                            <pre class="log">skipped because of previous errors</pre>
                        </td>
                        <td>Skipped in 0s</td>
                    </tr>
                    <tr>
                        <td>
                            <pre class="log">And I confirm Result message &quot;You clicked: Ok&quot;</pre>
                        </td>
                        <td>
                            <!-- [TestAssert: Scenario - Confirm_OK] -->
                            <pre class="log">skipped because of previous errors</pre>
                        </td>
                        <td>Skipped in 0s</td>
                    </tr>
            </table>
            <a name="t1518740507.0" />
            <h3>Scenario: Confirm_Cancel (in SpecFlowTestsProject, Alerts)</h3>
                <div class="description">
                    tags: Alert, Confirm, Cancel
                </div>
            <ul>
                <li>Status: Failed</li>
                <li>Start time: 3/15/2019 4:36:13 AM</li>
                <li>Execution time (sec): 9.6989093</li>
                <li>Thread: #0</li>
                <li>Error: no such alert
  (Session info: chrome=72.0.3626.121)
  (Driver info: chromedriver=73.0.3683.68 (47787ec04b6e38e22703e856e101e840b65afe72),platform=Windows NT 10.0.17134 x86_64)</li>
            </ul>
            <table class="testEvents">
                <tr>
                    <th>Steps</th>
                    <th>Trace</th>
                    <th>Result</th>
                </tr>
                    <tr>
                        <td>
                            <pre class="log">Given I visit the JavaScript example alerts page</pre>
                        </td>
                        <td>
                            <!-- [TestArrange: Scenario - Confirm_Cancel] -->
                            <pre class="log">done: AlertsSteps.GivenIVisitTheAlertsPage() (3.1s)</pre>
                        </td>
                        <td>Succeeded in 9.359s</td>
                    </tr>
                    <tr>
                        <td>
                            <pre class="log">When I click the &quot;Confirm&quot; example button</pre>
                        </td>
                        <td>
                            <!-- [TestAct: Scenario - Confirm_Cancel] -->
                            <pre class="log">done: AlertsSteps.WhenIClickThePromptExampleButton(&quot;Confirm&quot;) (0.0s)</pre>
                        </td>
                        <td>Succeeded in 0.021s</td>
                    </tr>
                    <tr>
                        <td>
                            <pre class="log">Then I confirm Alert appears with &quot;I am a JS Confirm&quot; text</pre>
                        </td>
                        <td>
                            <!-- [TestAssert: Scenario - Confirm_Cancel] -->
                            <pre class="log">error: no such alert
  (Session info: chrome=72.0.3626.121)
  (Driver info: chromedriver=73.0.3683.68 (47787ec04b6e38e22703e856e101e840b65afe72),platform=Windows NT 10.0.17134 x86_64)</pre>
                                <div class="errorMessage">no such alert
  (Session info: chrome=72.0.3626.121)
  (Driver info: chromedriver=73.0.3683.68 (47787ec04b6e38e22703e856e101e840b65afe72),platform=Windows NT 10.0.17134 x86_64)</div>
                                <pre class="stackTrace">OpenQA.Selenium.NoAlertPresentException: no such alert
  (Session info: chrome=72.0.3626.121)
  (Driver info: chromedriver=73.0.3683.68 (47787ec04b6e38e22703e856e101e840b65afe72),platform=Windows NT 10.0.17134 x86_64)
   at OpenQA.Selenium.Remote.RemoteWebDriver.UnpackAndThrowOnError(Response errorResponse)
   at OpenQA.Selenium.Remote.RemoteWebDriver.Execute(String driverCommandToExecute, Dictionary`2 parameters)
   at OpenQA.Selenium.Remote.RemoteTargetLocator.Alert()
   at SpecFlowTestsProject.AUT.AlertsSteps.ThenIConfirmAlertAppearsWithText(String dialogText) in C:\Users\paul\source\repos\AutomationTest\SpecFlow\SpecFlowTestsProject\2. Alerts\AlertsSteps.cs:line 41
   at lambda_method(Closure , IContextManager , String )
   at TechTalk.SpecFlow.Bindings.BindingInvoker.InvokeBinding(IBinding binding, IContextManager contextManager, Object[] arguments, ITestTracer testTracer, TimeSpan&amp; duration)
   at TechTalk.SpecFlow.Infrastructure.TestExecutionEngine.ExecuteStepMatch(BindingMatch match, Object[] arguments)
   at TechTalk.SpecRun.SpecFlowPlugin.Runtime.RunnerTestExecutionEngine.ExecuteStepMatch(BindingMatch match, Object[] arguments)
   at TechTalk.SpecFlow.Infrastructure.TestExecutionEngine.ExecuteStep(IContextManager contextManager, StepInstance stepInstance)
   at TechTalk.SpecFlow.Infrastructure.TestExecutionEngine.OnAfterLastStep()
   at TechTalk.SpecFlow.TestRunner.CollectScenarioErrors()
   at SpecFlowTestsProject._2_Alerts.AlertsFeature.ScenarioCleanup()
   at SpecFlowTestsProject._2_Alerts.AlertsFeature.Confirm_Cancel() in C:\Users\paul\source\repos\AutomationTest\SpecFlow\SpecFlowTestsProject\2. Alerts\Alerts.feature:line 29
   at TechTalk.SpecRun.Framework.TaskExecutors.StaticOrInstanceMethodExecutor.ExecuteInternal(ITestThreadExecutionContext testThreadExecutionContext)
   at TechTalk.SpecRun.Framework.TaskExecutors.StaticOrInstanceMethodExecutor.Execute(ITestThreadExecutionContext testThreadExecutionContext)
   at TechTalk.SpecRun.Framework.TestAssemblyExecutor.ExecuteTestNodeTask(TestNode testNode, ITaskExecutor task, TraceEventType eventType)</pre>
                        </td>
                        <td>Failed in 0.002s</td>
                    </tr>
                    <tr>
                        <td>
                            <pre class="log">And I act upon alert by clicking &quot;Cancel&quot; button</pre>
                        </td>
                        <td>
                            <!-- [TestAssert: Scenario - Confirm_Cancel] -->
                            <pre class="log">skipped because of previous errors</pre>
                        </td>
                        <td>Skipped in 0s</td>
                    </tr>
                    <tr>
                        <td>
                            <pre class="log">And I confirm Result message &quot;You clicked: Cancel&quot;</pre>
                        </td>
                        <td>
                            <!-- [TestAssert: Scenario - Confirm_Cancel] -->
                            <pre class="log">skipped because of previous errors</pre>
                        </td>
                        <td>Skipped in 0.001s</td>
                    </tr>
            </table>
            <a name="t-112113509.0" />
            <h3>Scenario: Prompt, &quot;&quot; (in SpecFlowTestsProject, Alerts)</h3>
                <div class="description">
                    tags: Alert, Prompt
                </div>
            <ul>
                <li>Status: Skipped</li>
                <li>Start time: 3/15/2019 4:36:22 AM</li>
                <li>Execution time (sec): 0</li>
                <li>Thread: #-1</li>
            </ul>
            <table class="testEvents">
                <tr>
                    <th>Steps</th>
                    <th>Trace</th>
                    <th>Result</th>
                </tr>
            </table>
            <a name="t-1476123671.0" />
            <h3>Scenario: Prompt, TestMonkey (in SpecFlowTestsProject, Alerts)</h3>
                <div class="description">
                    tags: Alert, Prompt
                </div>
            <ul>
                <li>Status: Skipped</li>
                <li>Start time: 3/15/2019 4:36:22 AM</li>
                <li>Execution time (sec): 0</li>
                <li>Thread: #-1</li>
            </ul>
            <table class="testEvents">
                <tr>
                    <th>Steps</th>
                    <th>Trace</th>
                    <th>Result</th>
                </tr>
            </table>
            <a name="t-207479023.0" />
            <h3>Scenario: Prompt, Infinite Monkeys on Infinite Keyboards (in SpecFlowTestsProject, Alerts)</h3>
                <div class="description">
                    tags: Alert, Prompt
                </div>
            <ul>
                <li>Status: Skipped</li>
                <li>Start time: 3/15/2019 4:36:22 AM</li>
                <li>Execution time (sec): 0</li>
                <li>Thread: #-1</li>
            </ul>
            <table class="testEvents">
                <tr>
                    <th>Steps</th>
                    <th>Trace</th>
                    <th>Result</th>
                </tr>
            </table>
            <a name="t-1002146423.0" />
            <h3>Scenario: Login with valid credentials, tomsmith (in SpecFlowTestsProject, Login Form)</h3>
                <div class="description">
                    tags: login, Valid
                </div>
            <ul>
                <li>Status: Skipped</li>
                <li>Start time: 3/15/2019 4:36:22 AM</li>
                <li>Execution time (sec): 0</li>
                <li>Thread: #-1</li>
            </ul>
            <table class="testEvents">
                <tr>
                    <th>Steps</th>
                    <th>Trace</th>
                    <th>Result</th>
                </tr>
            </table>
            <a name="t694736982.0" />
            <h3>Scenario: Attempt login with invalid credentials, Variant 0 (in SpecFlowTestsProject, Login Form)</h3>
                <div class="description">
                    tags: login, invalid
                </div>
            <ul>
                <li>Status: Skipped</li>
                <li>Start time: 3/15/2019 4:36:22 AM</li>
                <li>Execution time (sec): 0</li>
                <li>Thread: #-1</li>
            </ul>
            <table class="testEvents">
                <tr>
                    <th>Steps</th>
                    <th>Trace</th>
                    <th>Result</th>
                </tr>
            </table>
            <a name="t694736981.0" />
            <h3>Scenario: Attempt login with invalid credentials, Variant 1 (in SpecFlowTestsProject, Login Form)</h3>
                <div class="description">
                    tags: login, invalid
                </div>
            <ul>
                <li>Status: Skipped</li>
                <li>Start time: 3/15/2019 4:36:22 AM</li>
                <li>Execution time (sec): 0</li>
                <li>Thread: #-1</li>
            </ul>
            <table class="testEvents">
                <tr>
                    <th>Steps</th>
                    <th>Trace</th>
                    <th>Result</th>
                </tr>
            </table>
            <a name="t694736980.0" />
            <h3>Scenario: Attempt login with invalid credentials, Variant 2 (in SpecFlowTestsProject, Login Form)</h3>
                <div class="description">
                    tags: login, invalid
                </div>
            <ul>
                <li>Status: Skipped</li>
                <li>Start time: 3/15/2019 4:36:22 AM</li>
                <li>Execution time (sec): 0</li>
                <li>Thread: #-1</li>
            </ul>
            <table class="testEvents">
                <tr>
                    <th>Steps</th>
                    <th>Trace</th>
                    <th>Result</th>
                </tr>
            </table>
            <a name="t694736939.0" />
            <h3>Scenario: Attempt login with invalid credentials, Variant 3 (in SpecFlowTestsProject, Login Form)</h3>
                <div class="description">
                    tags: login, invalid
                </div>
            <ul>
                <li>Status: Skipped</li>
                <li>Start time: 3/15/2019 4:36:22 AM</li>
                <li>Execution time (sec): 0</li>
                <li>Thread: #-1</li>
            </ul>
            <table class="testEvents">
                <tr>
                    <th>Steps</th>
                    <th>Trace</th>
                    <th>Result</th>
                </tr>
            </table>
	</body>
</html>
</a><div style='position: absolute; top:0px; right:10px; z-index: 1000; text-align: right; font-size: small; color: #FF5555'>
Generated by an evaluation version of SpecRun.<br />
This version can be used for evaluation purposes only.<br />
For obtaining a registered license please visit <a href='http://www.specflow.org/plus'>http://www.specflow.org/plus</a>.
</div>
